15:45:46 REPLY: Halo! 👋 Terima kasih sudah menghubungi Kemindo Group.

Bagus! Kami menyediakan **Aluminum Sulfate Liquid** berkualitas tinggi. 🎯

**Informasi Produk Aluminum Sulfate Liquid:**

Aluminum Sulfate 
[06-May-2026 15:45:46 Asia/Jakarta] Lead detection state: lead_saved=true, pdo=connected
15:45:51 REPLY: Terima kasih, Angga! 👋

Saya sudah mencatat semua informasi Anda dengan lengkap:

✅ **Nama:** Angga
✅ **Perusahaan:** PT ABC
✅ **Nomor WhatsApp:** 08989597867
✅ **Email:** anggafartiteur@gm
[06-May-2026 15:45:51 Asia/Jakarta] Lead detection state: lead_saved=true, pdo=connected
15:46:04 REPLY: Sama-sama, Angga! 😊

Terima kasih telah menghubungi **Kemindo Group**. Tim sales kami akan segera menghubungi Anda untuk memproses pesanan Aluminum Sulfate 1 ton Anda.

Jika ada pertanyaan lebih la
[06-May-2026 15:46:04 Asia/Jakarta] Lead detection state: lead_saved=true, pdo=connected
16:05:52 REPLY: Halo! 👋 Selamat datang di Kemindo Group! 

Saya adalah asisten AI yang siap membantu Anda. Kami menyediakan berbagai produk berkualitas tinggi, antara lain:

**Mining Chemicals & Consumables:**
Act
[06-May-2026 16:05:52 Asia/Jakarta] Trigger check: halo! 👋 selamat datang di kemindo group! 

saya adalah asisten ai yang siap membantu anda. kami menyediakan berbagai produk berkualitas tinggi, antara lain:

**mining chemicals & consumables:**
activated carbon, bentonite, caustic soda, copper sulphate, hydrochloric acid, sulphuric acid, dan banyak lagi.

**green energy & agriculture products:**
palm kernel shell (pks), coconut shell, palm kernel meal, crude palm oil (cpo), dan produk lainnya.

**quicklime & hydrated lime:**
diproduksi di pabrik kami di sulawesi utara.

---

ada yang bisa saya bantu? apakah anda mencari informasi tentang produk tertentu, atau ada pertanyaan spesifik mengenai kebutuhan bisnis anda?

untuk setiap inquiry harga atau produk, wajib kumpulkan: nama lengkap, perusahaan, nomor whatsapp, dan email sebelum meneruskan ke tim sales.
[06-May-2026 16:05:52 Asia/Jakarta] Triggered: NO
[06-May-2026 16:05:52 Asia/Jakarta] REPLY_LOWER: halo! 👋 selamat datang di kemindo group! 

saya adalah asisten ai yang siap membantu anda. kami menyediakan berbagai produk berkualitas tinggi, antara lain:

**mining chemicals & consumables:**
activated carbon, bentonite, caustic soda, copper sulphate, hydrochloric acid, sulphuric acid, dan bany
[06-May-2026 16:05:52 Asia/Jakarta] TRIGGERED: YES
[06-May-2026 16:05:54 Asia/Jakarta] Lead saved with ID: 3
[06-May-2026 16:05:56 Asia/Jakarta] LeadManager email error: SMTP Error: Could not connect to SMTP host. Failed to connect to server
[06-May-2026 16:05:56 Asia/Jakarta] Lead save error: SMTP Error: Could not connect to SMTP host. Failed to connect to server
16:06:04 REPLY: Baik! 👍 Kami memiliki **Sulfuric Acid (H₂SO₄)** dengan kualitas tinggi yang cocok untuk berbagai industri.

**Spesifikasi Produk:**
- **Purity:** Min 98.00%
- **Specific Gravity:** Min 1.84
- *
[06-May-2026 16:06:04 Asia/Jakarta] Trigger check: baik! 👍 kami memiliki **sulfuric acid (h₂so₄)** dengan kualitas tinggi yang cocok untuk berbagai industri.

**spesifikasi produk:**
- **purity:** min 98.00%
- **specific gravity:** min 1.84
- **kemasan:** drums, intermediate bulk containers (ibcs), dan iso tank
- **kategori industri:** chemical, mining, nickel, gold mine

sulfuric acid kami diproduksi dan dikemas di bawah standar kualitas ketat untuk memastikan keamanan dan efektivitas maksimal dalam aplikasi industri anda.

---

untuk melanjutkan proses dan mendiskusikan harga, ketersediaan, serta detail pemesanan anda, saya perlu mengumpulkan informasi berikut:

1. **nama lengkap anda?**
2. **nama perusahaan?**
3. **nomor whatsapp?**
4. **alamat email?**
5. **berapa jumlah/volume yang anda butuhkan?**

informasi ini akan diteruskan ke tim sales kami untuk penawaran terbaik. 😊

untuk setiap inquiry harga atau produk, wajib kumpulkan: nama lengkap, perusahaan, nomor whatsapp, dan email sebelum meneruskan ke tim sales.
[06-May-2026 16:06:04 Asia/Jakarta] Triggered: NO
[06-May-2026 16:06:04 Asia/Jakarta] REPLY_LOWER: baik! 👍 kami memiliki **sulfuric acid (h₂so₄)** dengan kualitas tinggi yang cocok untuk berbagai industri.

**spesifikasi produk:**
- **purity:** min 98.00%
- **specific gravity:** min 1.84
- **kemasan:** drums, intermediate bulk containers (ibcs), dan iso tank
- **kategori industri:** chemic
[06-May-2026 16:06:04 Asia/Jakarta] TRIGGERED: YES
16:11:14 REPLY: Baik! 👍 Kami memiliki **Sulfuric Acid (H₂SO₄)** dengan kualitas tinggi yang cocok untuk berbagai industri.

**Spesifikasi Produk:**
- **Purity:** Min 98.00%
- **Specific Gravity:** Min 1.84
- *
[06-May-2026 16:11:14 Asia/Jakarta] Trigger check: baik! 👍 kami memiliki **sulfuric acid (h₂so₄)** dengan kualitas tinggi yang cocok untuk berbagai industri.

**spesifikasi produk:**
- **purity:** min 98.00%
- **specific gravity:** min 1.84
- **kemasan:** drums, intermediate bulk containers (ibcs), dan iso tank
- **kategori industri:** chemical, mining, nickel, gold mine

sulfuric acid kami diproduksi dan dikemas di bawah standar kualitas ketat untuk memastikan keamanan dan efektivitas maksimal dalam aplikasi industri anda.

---

untuk melanjutkan proses dan mendiskusikan **harga, ketersediaan, serta detail pemesanan**, saya perlu informasi dari anda:

1. **nama lengkap anda?**
2. **nama perusahaan?**
3. **nomor whatsapp?**
4. **alamat email?**
5. **berapa volume/jumlah yang anda butuhkan?**

informasi ini akan diteruskan ke tim sales kemindo untuk memberikan penawaran terbaik. 😊

untuk setiap inquiry harga atau produk, wajib kumpulkan: nama lengkap, perusahaan, nomor whatsapp, dan email sebelum meneruskan ke tim sales.
[06-May-2026 16:11:14 Asia/Jakarta] Triggered: NO
[06-May-2026 16:11:14 Asia/Jakarta] REPLY_LOWER: baik! 👍 kami memiliki **sulfuric acid (h₂so₄)** dengan kualitas tinggi yang cocok untuk berbagai industri.

**spesifikasi produk:**
- **purity:** min 98.00%
- **specific gravity:** min 1.84
- **kemasan:** drums, intermediate bulk containers (ibcs), dan iso tank
- **kategori industri:** chemic
[06-May-2026 16:11:14 Asia/Jakarta] TRIGGERED: YES
[06-May-2026 16:11:17 Asia/Jakarta] Lead saved with ID: 4
[06-May-2026 16:11:18 Asia/Jakarta] LeadManager email error: SMTP Error: Could not connect to SMTP host. Failed to connect to server
[06-May-2026 16:11:18 Asia/Jakarta] Lead save error: SMTP Error: Could not connect to SMTP host. Failed to connect to server
16:11:55 REPLY: Terima kasih atas informasinya, Angga! 😊

Saya catat data Anda:
- **Nama:** Angga
- **Perusahaan:** PT Kemindo
- **Nomor WhatsApp:** 08989597867
- **Email:** anggafartiteur@gmail.com
- **Kebutuhan:
[06-May-2026 16:11:55 Asia/Jakarta] Trigger check: terima kasih atas informasinya, angga! 😊

saya catat data anda:
- **nama:** angga
- **perusahaan:** pt kemindo
- **nomor whatsapp:** 08989597867
- **email:** anggafartiteur@gmail.com
- **kebutuhan:** sulfuric acid (h₂so₄) - 1 ton
- **timeline pengiriman:** 2 minggu ke depan

---

✅ **informasi anda sudah saya catat dan akan diteruskan ke tim sales kemindo.**

tim sales kami akan segera menghubungi anda melalui whatsapp atau email untuk:
- konfirmasi harga dan penawaran terbaik
- detail pengiriman dan logistik
- spesifikasi teknis sesuai kebutuhan anda
- proses pemesanan dan pembayaran

**kontak tim sales kemindo:**
- 📧 **email sales:** sales@kemindogroup.com
- 📞 **telepon:** +62-21-22510445 / 22510446 / 22510447

terima kasih telah memilih kemindo group! 🙏

untuk setiap inquiry harga atau produk, wajib kumpulkan: nama lengkap, perusahaan, nomor whatsapp, dan email sebelum meneruskan ke tim sales.
[06-May-2026 16:11:55 Asia/Jakarta] Triggered: NO
[06-May-2026 16:11:55 Asia/Jakarta] REPLY_LOWER: terima kasih atas informasinya, angga! 😊

saya catat data anda:
- **nama:** angga
- **perusahaan:** pt kemindo
- **nomor whatsapp:** 08989597867
- **email:** anggafartiteur@gmail.com
- **kebutuhan:** sulfuric acid (h₂so₄) - 1 ton
- **timeline pengiriman:** 2 minggu ke depan

---

✅ **inform
[06-May-2026 16:11:55 Asia/Jakarta] TRIGGERED: YES
16:19:59 REPLY: Terima kasih atas informasinya, Angga! 😊

Saya catat data Anda:
- **Nama:** Angga
- **Perusahaan:** PT Kemindo
- **Nomor WhatsApp:** 08989597867
- **Email:** anggafartiteur@gmail.com
- **Kebutuhan:
[06-May-2026 16:19:59 Asia/Jakarta] Trigger check: terima kasih atas informasinya, angga! 😊

saya catat data anda:
- **nama:** angga
- **perusahaan:** pt kemindo
- **nomor whatsapp:** 08989597867
- **email:** anggafartiteur@gmail.com
- **kebutuhan:** sulfuric acid (h₂so₄) - 1 ton
- **timeline pengiriman:** 2 minggu ke depan

---

✅ **informasi anda sudah saya catat dan akan diteruskan ke tim sales kemindo.**

tim sales kami akan segera menghubungi anda melalui whatsapp atau email untuk:
- konfirmasi harga dan penawaran terbaik
- detail pengiriman dan logistik
- spesifikasi teknis sesuai kebutuhan anda
- proses pemesanan dan pembayaran

**kontak tim sales kemindo:**
- 📧 **email sales:** sales@kemindogroup.com
- 📞 **telepon:** +62-21-22510445 / 22510446 / 22510447

terima kasih telah memilih kemindo group! 🙏

untuk setiap inquiry harga atau produk, wajib kumpulkan: nama lengkap, perusahaan, nomor whatsapp, dan email sebelum meneruskan ke tim sales.
[06-May-2026 16:19:59 Asia/Jakarta] Triggered: NO
[06-May-2026 16:19:59 Asia/Jakarta] REPLY_LOWER: terima kasih atas informasinya, angga! 😊

saya catat data anda:
- **nama:** angga
- **perusahaan:** pt kemindo
- **nomor whatsapp:** 08989597867
- **email:** anggafartiteur@gmail.com
- **kebutuhan:** sulfuric acid (h₂so₄) - 1 ton
- **timeline pengiriman:** 2 minggu ke depan

---

✅ **inform
[06-May-2026 16:19:59 Asia/Jakarta] TRIGGERED: YES
[06-May-2026 16:20:03 Asia/Jakarta] Lead saved with ID: 5
[06-May-2026 16:20:04 Asia/Jakarta] LeadManager email error: SMTP Error: Could not connect to SMTP host. Failed to connect to server
[06-May-2026 16:20:04 Asia/Jakarta] Lead save error: SMTP Error: Could not connect to SMTP host. Failed to connect to server
16:20:17 REPLY: Sama-sama, Angga! 😊

Senang bisa membantu Anda. Tim sales Kemindo akan segera menghubungi Anda untuk melanjutkan proses pemesanan.

Jika ada pertanyaan lain atau butuh informasi produk Kemindo yang
[06-May-2026 16:20:17 Asia/Jakarta] Trigger check: sama-sama, angga! 😊

senang bisa membantu anda. tim sales kemindo akan segera menghubungi anda untuk melanjutkan proses pemesanan.

jika ada pertanyaan lain atau butuh informasi produk kemindo yang lain, jangan ragu untuk menghubungi saya kembali.

**salam,**
asisten ai kemindo group 🙏

---

untuk setiap inquiry harga atau produk, wajib kumpulkan: nama lengkap, perusahaan, nomor whatsapp, dan email sebelum meneruskan ke tim sales.
[06-May-2026 16:20:17 Asia/Jakarta] Triggered: NO
[06-May-2026 16:20:17 Asia/Jakarta] REPLY_LOWER: sama-sama, angga! 😊

senang bisa membantu anda. tim sales kemindo akan segera menghubungi anda untuk melanjutkan proses pemesanan.

jika ada pertanyaan lain atau butuh informasi produk kemindo yang lain, jangan ragu untuk menghubungi saya kembali.

**salam,**
asisten ai kemindo group 🙏

---

u
[06-May-2026 16:20:17 Asia/Jakarta] TRIGGERED: YES
16:34:10 REPLY: Sama-sama! 😊

Terima kasih telah menghubungi Kemindo Group. Jika ada yang bisa saya bantu di masa depan, silakan hubungi saya kapan saja.

**Semoga sukses dengan pemesanan Anda!** 🙏

---

Untuk 
[06-May-2026 16:34:10 Asia/Jakarta] Trigger check: sama-sama! 😊

terima kasih telah menghubungi kemindo group. jika ada yang bisa saya bantu di masa depan, silakan hubungi saya kapan saja.

**semoga sukses dengan pemesanan anda!** 🙏

---

untuk setiap inquiry harga atau produk, wajib kumpulkan: nama lengkap, perusahaan, nomor whatsapp, dan email sebelum meneruskan ke tim sales.
[06-May-2026 16:34:10 Asia/Jakarta] Triggered: NO
[06-May-2026 16:34:10 Asia/Jakarta] REPLY_LOWER: sama-sama! 😊

terima kasih telah menghubungi kemindo group. jika ada yang bisa saya bantu di masa depan, silakan hubungi saya kapan saja.

**semoga sukses dengan pemesanan anda!** 🙏

---

untuk setiap inquiry harga atau produk, wajib kumpulkan: nama lengkap, perusahaan, nomor whatsapp, dan ema
[06-May-2026 16:34:10 Asia/Jakarta] TRIGGERED: YES
[06-May-2026 16:34:14 Asia/Jakarta] Lead saved with ID: 6
[06-May-2026 16:34:14 Asia/Jakarta] LeadManager email error: SMTP Error: Could not connect to SMTP host. Failed to connect to server
[06-May-2026 16:34:14 Asia/Jakarta] Lead save error: SMTP Error: Could not connect to SMTP host. Failed to connect to server
14:06:02 REPLY: Halo! Terima kasih minat Anda pada **Aluminum Powder** dari Kemindo. 

Berikut spesifikasi produk kami:

| Parameter | Spesifikasi |
|-----------|-------------|
| Al₂O₃ Content | 17% Min |
| Ferro
[08-May-2026 14:06:03 Asia/Jakarta] Trigger check: halo! terima kasih minat anda pada **aluminum powder** dari kemindo. 

berikut spesifikasi produk kami:

| parameter | spesifikasi |
|-----------|-------------|
| al₂o₃ content | 17% min |
| ferro oxide fe₂o₃ | 15.0 ppm max |
| lead (pb) | 0.2 ppm max |
| arsenic (as) | 0.005 ppb max |
| ph solution at 25°c | 2 |

produk ini tersedia dan cocok untuk berbagai aplikasi industri.

untuk melanjutkan proses pembelian dan mendiskusikan harga serta detail order, saya memerlukan beberapa informasi dari anda:

1. **nama lengkap anda?**
2. **nama perusahaan?**
3. **nomor whatsapp?**
4. **alamat email?**
5. **berapa jumlah/volume yang anda butuhkan?**

setelah informasi terkumpul, tim sales kemindo akan menghubungi anda segera untuk negosiasi harga dan detail pengiriman.

**untuk setiap inquiry harga atau produk, wajib kumpulkan: nama lengkap, perusahaan, nomor whatsapp, dan email sebelum meneruskan ke tim sales.**
[08-May-2026 14:06:03 Asia/Jakarta] Triggered: NO
[08-May-2026 14:06:03 Asia/Jakarta] REPLY_LOWER: halo! terima kasih minat anda pada **aluminum powder** dari kemindo. 

berikut spesifikasi produk kami:

| parameter | spesifikasi |
|-----------|-------------|
| al₂o₃ content | 17% min |
| ferro oxide fe₂o₃ | 15.0 ppm max |
| lead (pb) | 0.2 ppm max |
| arsenic (as) | 0.005 ppb max |
| ph 
[08-May-2026 14:06:03 Asia/Jakarta] TRIGGERED: YES
[08-May-2026 14:06:05 Asia/Jakarta] Lead saved with ID: 7
[08-May-2026 14:06:06 Asia/Jakarta] LeadManager email error: SMTP Error: Could not connect to SMTP host. Failed to connect to server
[08-May-2026 14:06:06 Asia/Jakarta] Lead save error: SMTP Error: Could not connect to SMTP host. Failed to connect to server
14:07:02 REPLY: Terima kasih informasinya, Anwar! Saya catat data Anda:

- **Nama Lengkap:** Anwar
- **Perusahaan:** PT BSI
- **Nomor WhatsApp:** 0898989898
- **Email:** anwar@bsi.co.id
- **Kebutuhan:** Aluminum Powd
[08-May-2026 14:07:02 Asia/Jakarta] Trigger check: terima kasih informasinya, anwar! saya catat data anda:

- **nama lengkap:** anwar
- **perusahaan:** pt bsi
- **nomor whatsapp:** 0898989898
- **email:** anwar@bsi.co.id
- **kebutuhan:** aluminum powder dengan al₂o₃ content 20% untuk 2 minggu ke depan

**catatan penting:** spesifikasi aluminum powder kemindo standar memiliki al₂o₃ content **17% min**. kebutuhan anda untuk 20% adalah spesifikasi khusus yang perlu didiskusikan lebih lanjut dengan tim sales kami.

✅ **informasi anda telah dicatat dan akan diteruskan ke tim sales kemindo.** tim sales akan segera menghubungi anda melalui whatsapp atau email untuk:
- membahas spesifikasi khusus (al₂o₃ 20%)
- negosiasi harga
- konfirmasi jumlah dan timeline pengiriman
- penawaran terbaik untuk kebutuhan anda

terima kasih telah memilih kemindo! 🙏

**untuk setiap inquiry harga atau produk, wajib kumpulkan: nama lengkap, perusahaan, nomor whatsapp, dan email sebelum meneruskan ke tim sales.**
[08-May-2026 14:07:02 Asia/Jakarta] Triggered: NO
[08-May-2026 14:07:02 Asia/Jakarta] REPLY_LOWER: terima kasih informasinya, anwar! saya catat data anda:

- **nama lengkap:** anwar
- **perusahaan:** pt bsi
- **nomor whatsapp:** 0898989898
- **email:** anwar@bsi.co.id
- **kebutuhan:** aluminum powder dengan al₂o₃ content 20% untuk 2 minggu ke depan

**catatan penting:** spesifikasi aluminum p
[08-May-2026 14:07:02 Asia/Jakarta] TRIGGERED: YES
[08-May-2026 14:07:06 Asia/Jakarta] Lead saved with ID: 8
[08-May-2026 14:07:06 Asia/Jakarta] LeadManager email error: SMTP Error: Could not connect to SMTP host. Failed to connect to server
[08-May-2026 14:07:06 Asia/Jakarta] Lead save error: SMTP Error: Could not connect to SMTP host. Failed to connect to server
